<?xml version="1.0" encoding="UTF-8"?>
<testsuite xmlns:xsi="http://www.w3.org/2001/XMLSchema-instance" xsi:noNamespaceSchemaLocation="https://maven.apache.org/surefire/maven-surefire-plugin/xsd/surefire-test-report.xsd" name="innovar.io.grifo.GrifoApplicationTests" time="19.332" tests="1" errors="0" skipped="0" failures="0">
  <properties>
    <property name="sun.desktop" value="windows"/>
    <property name="awt.toolkit" value="sun.awt.windows.WToolkit"/>
    <property name="file.encoding.pkg" value="sun.io"/>
    <property name="java.specification.version" value="1.8"/>
    <property name="sun.cpu.isalist" value="amd64"/>
    <property name="sun.jnu.encoding" value="Cp1252"/>
    <property name="java.class.path" value="C:\Users\warre\Downloads\Compressed\taller_spring_webFlux\grifo\target\test-classes;C:\Users\warre\Downloads\Compressed\taller_spring_webFlux\grifo\target\classes;C:\Users\warre\.m2\repository\org\springframework\boot\spring-boot-starter-data-mongodb-reactive\2.0.2.RELEASE\spring-boot-starter-data-mongodb-reactive-2.0.2.RELEASE.jar;C:\Users\warre\.m2\repository\org\springframework\boot\spring-boot-starter\2.0.2.RELEASE\spring-boot-starter-2.0.2.RELEASE.jar;C:\Users\warre\.m2\repository\org\springframework\boot\spring-boot-starter-logging\2.0.2.RELEASE\spring-boot-starter-logging-2.0.2.RELEASE.jar;C:\Users\warre\.m2\repository\ch\qos\logback\logback-classic\1.2.3\logback-classic-1.2.3.jar;C:\Users\warre\.m2\repository\ch\qos\logback\logback-core\1.2.3\logback-core-1.2.3.jar;C:\Users\warre\.m2\repository\org\apache\logging\log4j\log4j-to-slf4j\2.10.0\log4j-to-slf4j-2.10.0.jar;C:\Users\warre\.m2\repository\org\apache\logging\log4j\log4j-api\2.10.0\log4j-api-2.10.0.jar;C:\Users\warre\.m2\repository\org\slf4j\jul-to-slf4j\1.7.25\jul-to-slf4j-1.7.25.jar;C:\Users\warre\.m2\repository\javax\annotation\javax.annotation-api\1.3.2\javax.annotation-api-1.3.2.jar;C:\Users\warre\.m2\repository\org\yaml\snakeyaml\1.19\snakeyaml-1.19.jar;C:\Users\warre\.m2\repository\org\springframework\data\spring-data-mongodb\2.0.7.RELEASE\spring-data-mongodb-2.0.7.RELEASE.jar;C:\Users\warre\.m2\repository\org\springframework\spring-tx\5.0.6.RELEASE\spring-tx-5.0.6.RELEASE.jar;C:\Users\warre\.m2\repository\org\springframework\spring-context\5.0.6.RELEASE\spring-context-5.0.6.RELEASE.jar;C:\Users\warre\.m2\repository\org\springframework\spring-aop\5.0.6.RELEASE\spring-aop-5.0.6.RELEASE.jar;C:\Users\warre\.m2\repository\org\springframework\spring-beans\5.0.6.RELEASE\spring-beans-5.0.6.RELEASE.jar;C:\Users\warre\.m2\repository\org\springframework\spring-expression\5.0.6.RELEASE\spring-expression-5.0.6.RELEASE.jar;C:\Users\warre\.m2\repository\org\springframework\data\spring-data-commons\2.0.7.RELEASE\spring-data-commons-2.0.7.RELEASE.jar;C:\Users\warre\.m2\repository\org\slf4j\slf4j-api\1.7.25\slf4j-api-1.7.25.jar;C:\Users\warre\.m2\repository\org\mongodb\mongodb-driver\3.6.3\mongodb-driver-3.6.3.jar;C:\Users\warre\.m2\repository\org\mongodb\bson\3.6.3\bson-3.6.3.jar;C:\Users\warre\.m2\repository\org\mongodb\mongodb-driver-core\3.6.3\mongodb-driver-core-3.6.3.jar;C:\Users\warre\.m2\repository\org\mongodb\mongodb-driver-async\3.6.3\mongodb-driver-async-3.6.3.jar;C:\Users\warre\.m2\repository\org\mongodb\mongodb-driver-reactivestreams\1.7.1\mongodb-driver-reactivestreams-1.7.1.jar;C:\Users\warre\.m2\repository\org\reactivestreams\reactive-streams\1.0.2\reactive-streams-1.0.2.jar;C:\Users\warre\.m2\repository\io\projectreactor\reactor-core\3.1.7.RELEASE\reactor-core-3.1.7.RELEASE.jar;C:\Users\warre\.m2\repository\org\bytedeco\javacpp-presets\tesseract-platform\3.04.01-1.3\tesseract-platform-3.04.01-1.3.jar;C:\Users\warre\.m2\repository\org\bytedeco\javacpp-presets\leptonica-platform\1.73-1.3\leptonica-platform-1.73-1.3.jar;C:\Users\warre\.m2\repository\org\bytedeco\javacpp-presets\leptonica\1.73-1.3\leptonica-1.73-1.3.jar;C:\Users\warre\.m2\repository\org\bytedeco\javacpp-presets\leptonica\1.73-1.3\leptonica-1.73-1.3-android-arm.jar;C:\Users\warre\.m2\repository\org\bytedeco\javacpp-presets\leptonica\1.73-1.3\leptonica-1.73-1.3-android-x86.jar;C:\Users\warre\.m2\repository\org\bytedeco\javacpp-presets\leptonica\1.73-1.3\leptonica-1.73-1.3-linux-x86.jar;C:\Users\warre\.m2\repository\org\bytedeco\javacpp-presets\leptonica\1.73-1.3\leptonica-1.73-1.3-linux-x86_64.jar;C:\Users\warre\.m2\repository\org\bytedeco\javacpp-presets\leptonica\1.73-1.3\leptonica-1.73-1.3-linux-armhf.jar;C:\Users\warre\.m2\repository\org\bytedeco\javacpp-presets\leptonica\1.73-1.3\leptonica-1.73-1.3-linux-ppc64le.jar;C:\Users\warre\.m2\repository\org\bytedeco\javacpp-presets\leptonica\1.73-1.3\leptonica-1.73-1.3-macosx-x86_64.jar;C:\Users\warre\.m2\repository\org\bytedeco\javacpp-presets\leptonica\1.73-1.3\leptonica-1.73-1.3-windows-x86.jar;C:\Users\warre\.m2\repository\org\bytedeco\javacpp-presets\leptonica\1.73-1.3\leptonica-1.73-1.3-windows-x86_64.jar;C:\Users\warre\.m2\repository\org\bytedeco\javacpp-presets\tesseract\3.04.01-1.3\tesseract-3.04.01-1.3.jar;C:\Users\warre\.m2\repository\org\bytedeco\javacpp\1.3\javacpp-1.3.jar;C:\Users\warre\.m2\repository\org\bytedeco\javacpp-presets\tesseract\3.04.01-1.3\tesseract-3.04.01-1.3-android-arm.jar;C:\Users\warre\.m2\repository\org\bytedeco\javacpp-presets\tesseract\3.04.01-1.3\tesseract-3.04.01-1.3-android-x86.jar;C:\Users\warre\.m2\repository\org\bytedeco\javacpp-presets\tesseract\3.04.01-1.3\tesseract-3.04.01-1.3-linux-x86.jar;C:\Users\warre\.m2\repository\org\bytedeco\javacpp-presets\tesseract\3.04.01-1.3\tesseract-3.04.01-1.3-linux-x86_64.jar;C:\Users\warre\.m2\repository\org\bytedeco\javacpp-presets\tesseract\3.04.01-1.3\tesseract-3.04.01-1.3-linux-armhf.jar;C:\Users\warre\.m2\repository\org\bytedeco\javacpp-presets\tesseract\3.04.01-1.3\tesseract-3.04.01-1.3-linux-ppc64le.jar;C:\Users\warre\.m2\repository\org\bytedeco\javacpp-presets\tesseract\3.04.01-1.3\tesseract-3.04.01-1.3-macosx-x86_64.jar;C:\Users\warre\.m2\repository\org\bytedeco\javacpp-presets\tesseract\3.04.01-1.3\tesseract-3.04.01-1.3-windows-x86.jar;C:\Users\warre\.m2\repository\org\bytedeco\javacpp-presets\tesseract\3.04.01-1.3\tesseract-3.04.01-1.3-windows-x86_64.jar;C:\Users\warre\.m2\repository\com\miglayout\miglayout-javafx\4.2\miglayout-javafx-4.2.jar;C:\Users\warre\.m2\repository\com\miglayout\miglayout-core\4.2\miglayout-core-4.2.jar;C:\Users\warre\.m2\repository\org\diirt\javafx\javafx\3.1.7\javafx-3.1.7.jar;C:\Users\warre\.m2\repository\io\projectreactor\reactor-test\3.1.7.RELEASE\reactor-test-3.1.7.RELEASE.jar;C:\Users\warre\.m2\repository\org\springframework\boot\spring-boot-starter-webflux\2.0.2.RELEASE\spring-boot-starter-webflux-2.0.2.RELEASE.jar;C:\Users\warre\.m2\repository\org\springframework\boot\spring-boot-starter-json\2.0.2.RELEASE\spring-boot-starter-json-2.0.2.RELEASE.jar;C:\Users\warre\.m2\repository\com\fasterxml\jackson\datatype\jackson-datatype-jdk8\2.9.5\jackson-datatype-jdk8-2.9.5.jar;C:\Users\warre\.m2\repository\com\fasterxml\jackson\datatype\jackson-datatype-jsr310\2.9.5\jackson-datatype-jsr310-2.9.5.jar;C:\Users\warre\.m2\repository\com\fasterxml\jackson\module\jackson-module-parameter-names\2.9.5\jackson-module-parameter-names-2.9.5.jar;C:\Users\warre\.m2\repository\org\springframework\boot\spring-boot-starter-reactor-netty\2.0.2.RELEASE\spring-boot-starter-reactor-netty-2.0.2.RELEASE.jar;C:\Users\warre\.m2\repository\io\projectreactor\ipc\reactor-netty\0.7.7.RELEASE\reactor-netty-0.7.7.RELEASE.jar;C:\Users\warre\.m2\repository\io\netty\netty-codec-http\4.1.24.Final\netty-codec-http-4.1.24.Final.jar;C:\Users\warre\.m2\repository\io\netty\netty-codec\4.1.24.Final\netty-codec-4.1.24.Final.jar;C:\Users\warre\.m2\repository\io\netty\netty-handler\4.1.24.Final\netty-handler-4.1.24.Final.jar;C:\Users\warre\.m2\repository\io\netty\netty-buffer\4.1.24.Final\netty-buffer-4.1.24.Final.jar;C:\Users\warre\.m2\repository\io\netty\netty-transport\4.1.24.Final\netty-transport-4.1.24.Final.jar;C:\Users\warre\.m2\repository\io\netty\netty-resolver\4.1.24.Final\netty-resolver-4.1.24.Final.jar;C:\Users\warre\.m2\repository\io\netty\netty-handler-proxy\4.1.24.Final\netty-handler-proxy-4.1.24.Final.jar;C:\Users\warre\.m2\repository\io\netty\netty-codec-socks\4.1.24.Final\netty-codec-socks-4.1.24.Final.jar;C:\Users\warre\.m2\repository\io\netty\netty-transport-native-epoll\4.1.24.Final\netty-transport-native-epoll-4.1.24.Final-linux-x86_64.jar;C:\Users\warre\.m2\repository\io\netty\netty-common\4.1.24.Final\netty-common-4.1.24.Final.jar;C:\Users\warre\.m2\repository\io\netty\netty-transport-native-unix-common\4.1.24.Final\netty-transport-native-unix-common-4.1.24.Final.jar;C:\Users\warre\.m2\repository\org\hibernate\validator\hibernate-validator\6.0.9.Final\hibernate-validator-6.0.9.Final.jar;C:\Users\warre\.m2\repository\javax\validation\validation-api\2.0.1.Final\validation-api-2.0.1.Final.jar;C:\Users\warre\.m2\repository\org\jboss\logging\jboss-logging\3.3.2.Final\jboss-logging-3.3.2.Final.jar;C:\Users\warre\.m2\repository\com\fasterxml\classmate\1.3.4\classmate-1.3.4.jar;C:\Users\warre\.m2\repository\org\springframework\spring-web\5.0.6.RELEASE\spring-web-5.0.6.RELEASE.jar;C:\Users\warre\.m2\repository\org\springframework\spring-webflux\5.0.6.RELEASE\spring-webflux-5.0.6.RELEASE.jar;C:\Users\warre\.m2\repository\org\synchronoss\cloud\nio-multipart-parser\1.1.0\nio-multipart-parser-1.1.0.jar;C:\Users\warre\.m2\repository\org\synchronoss\cloud\nio-stream-storage\1.1.3\nio-stream-storage-1.1.3.jar;C:\Users\warre\.m2\repository\com\auth0\java-jwt\3.3.0\java-jwt-3.3.0.jar;C:\Users\warre\.m2\repository\com\fasterxml\jackson\core\jackson-databind\2.9.5\jackson-databind-2.9.5.jar;C:\Users\warre\.m2\repository\com\fasterxml\jackson\core\jackson-annotations\2.9.0\jackson-annotations-2.9.0.jar;C:\Users\warre\.m2\repository\com\fasterxml\jackson\core\jackson-core\2.9.5\jackson-core-2.9.5.jar;C:\Users\warre\.m2\repository\commons-codec\commons-codec\1.11\commons-codec-1.11.jar;C:\Users\warre\.m2\repository\org\jsoup\jsoup\1.11.3\jsoup-1.11.3.jar;C:\Users\warre\.m2\repository\org\mindrot\jbcrypt\0.3m\jbcrypt-0.3m.jar;C:\Users\warre\.m2\repository\org\springframework\boot\spring-boot-devtools\2.0.2.RELEASE\spring-boot-devtools-2.0.2.RELEASE.jar;C:\Users\warre\.m2\repository\org\springframework\boot\spring-boot\2.0.2.RELEASE\spring-boot-2.0.2.RELEASE.jar;C:\Users\warre\.m2\repository\org\springframework\boot\spring-boot-autoconfigure\2.0.2.RELEASE\spring-boot-autoconfigure-2.0.2.RELEASE.jar;C:\Users\warre\.m2\repository\org\projectlombok\lombok\1.16.20\lombok-1.16.20.jar;C:\Users\warre\.m2\repository\org\springframework\boot\spring-boot-starter-test\2.0.2.RELEASE\spring-boot-starter-test-2.0.2.RELEASE.jar;C:\Users\warre\.m2\repository\org\springframework\boot\spring-boot-test\2.0.2.RELEASE\spring-boot-test-2.0.2.RELEASE.jar;C:\Users\warre\.m2\repository\org\springframework\boot\spring-boot-test-autoconfigure\2.0.2.RELEASE\spring-boot-test-autoconfigure-2.0.2.RELEASE.jar;C:\Users\warre\.m2\repository\com\jayway\jsonpath\json-path\2.4.0\json-path-2.4.0.jar;C:\Users\warre\.m2\repository\net\minidev\json-smart\2.3\json-smart-2.3.jar;C:\Users\warre\.m2\repository\net\minidev\accessors-smart\1.2\accessors-smart-1.2.jar;C:\Users\warre\.m2\repository\org\ow2\asm\asm\5.0.4\asm-5.0.4.jar;C:\Users\warre\.m2\repository\junit\junit\4.12\junit-4.12.jar;C:\Users\warre\.m2\repository\org\assertj\assertj-core\3.9.1\assertj-core-3.9.1.jar;C:\Users\warre\.m2\repository\org\mockito\mockito-core\2.15.0\mockito-core-2.15.0.jar;C:\Users\warre\.m2\repository\net\bytebuddy\byte-buddy\1.7.11\byte-buddy-1.7.11.jar;C:\Users\warre\.m2\repository\net\bytebuddy\byte-buddy-agent\1.7.11\byte-buddy-agent-1.7.11.jar;C:\Users\warre\.m2\repository\org\objenesis\objenesis\2.6\objenesis-2.6.jar;C:\Users\warre\.m2\repository\org\hamcrest\hamcrest-core\1.3\hamcrest-core-1.3.jar;C:\Users\warre\.m2\repository\org\hamcrest\hamcrest-library\1.3\hamcrest-library-1.3.jar;C:\Users\warre\.m2\repository\org\skyscreamer\jsonassert\1.5.0\jsonassert-1.5.0.jar;C:\Users\warre\.m2\repository\com\vaadin\external\google\android-json\0.0.20131108.vaadin1\android-json-0.0.20131108.vaadin1.jar;C:\Users\warre\.m2\repository\org\springframework\spring-core\5.0.6.RELEASE\spring-core-5.0.6.RELEASE.jar;C:\Users\warre\.m2\repository\org\springframework\spring-jcl\5.0.6.RELEASE\spring-jcl-5.0.6.RELEASE.jar;C:\Users\warre\.m2\repository\org\springframework\spring-test\5.0.6.RELEASE\spring-test-5.0.6.RELEASE.jar;C:\Users\warre\.m2\repository\org\xmlunit\xmlunit-core\2.5.1\xmlunit-core-2.5.1.jar;"/>
    <property name="java.vm.vendor" value="Oracle Corporation"/>
    <property name="sun.arch.data.model" value="64"/>
    <property name="user.variant" value=""/>
    <property name="java.vendor.url" value="http://java.oracle.com/"/>
    <property name="user.timezone" value=""/>
    <property name="java.vm.specification.version" value="1.8"/>
    <property name="os.name" value="Windows 10"/>
    <property name="user.country" value="ES"/>
    <property name="sun.java.launcher" value="SUN_STANDARD"/>
    <property name="sun.boot.library.path" value="C:\Program Files\Java\jdk1.8.0_161\jre\bin"/>
    <property name="sun.java.command" value="C:\Users\warre\AppData\Local\Temp\surefire7812426524786788128\surefirebooter704529467734268797.jar C:\Users\warre\AppData\Local\Temp\surefire7812426524786788128 2018-06-30T13-59-28_199-jvmRun1 surefire417078188840206314tmp surefire_0801824109354984703tmp"/>
    <property name="surefire.test.class.path" value="C:\Users\warre\Downloads\Compressed\taller_spring_webFlux\grifo\target\test-classes;C:\Users\warre\Downloads\Compressed\taller_spring_webFlux\grifo\target\classes;C:\Users\warre\.m2\repository\org\springframework\boot\spring-boot-starter-data-mongodb-reactive\2.0.2.RELEASE\spring-boot-starter-data-mongodb-reactive-2.0.2.RELEASE.jar;C:\Users\warre\.m2\repository\org\springframework\boot\spring-boot-starter\2.0.2.RELEASE\spring-boot-starter-2.0.2.RELEASE.jar;C:\Users\warre\.m2\repository\org\springframework\boot\spring-boot-starter-logging\2.0.2.RELEASE\spring-boot-starter-logging-2.0.2.RELEASE.jar;C:\Users\warre\.m2\repository\ch\qos\logback\logback-classic\1.2.3\logback-classic-1.2.3.jar;C:\Users\warre\.m2\repository\ch\qos\logback\logback-core\1.2.3\logback-core-1.2.3.jar;C:\Users\warre\.m2\repository\org\apache\logging\log4j\log4j-to-slf4j\2.10.0\log4j-to-slf4j-2.10.0.jar;C:\Users\warre\.m2\repository\org\apache\logging\log4j\log4j-api\2.10.0\log4j-api-2.10.0.jar;C:\Users\warre\.m2\repository\org\slf4j\jul-to-slf4j\1.7.25\jul-to-slf4j-1.7.25.jar;C:\Users\warre\.m2\repository\javax\annotation\javax.annotation-api\1.3.2\javax.annotation-api-1.3.2.jar;C:\Users\warre\.m2\repository\org\yaml\snakeyaml\1.19\snakeyaml-1.19.jar;C:\Users\warre\.m2\repository\org\springframework\data\spring-data-mongodb\2.0.7.RELEASE\spring-data-mongodb-2.0.7.RELEASE.jar;C:\Users\warre\.m2\repository\org\springframework\spring-tx\5.0.6.RELEASE\spring-tx-5.0.6.RELEASE.jar;C:\Users\warre\.m2\repository\org\springframework\spring-context\5.0.6.RELEASE\spring-context-5.0.6.RELEASE.jar;C:\Users\warre\.m2\repository\org\springframework\spring-aop\5.0.6.RELEASE\spring-aop-5.0.6.RELEASE.jar;C:\Users\warre\.m2\repository\org\springframework\spring-beans\5.0.6.RELEASE\spring-beans-5.0.6.RELEASE.jar;C:\Users\warre\.m2\repository\org\springframework\spring-expression\5.0.6.RELEASE\spring-expression-5.0.6.RELEASE.jar;C:\Users\warre\.m2\repository\org\springframework\data\spring-data-commons\2.0.7.RELEASE\spring-data-commons-2.0.7.RELEASE.jar;C:\Users\warre\.m2\repository\org\slf4j\slf4j-api\1.7.25\slf4j-api-1.7.25.jar;C:\Users\warre\.m2\repository\org\mongodb\mongodb-driver\3.6.3\mongodb-driver-3.6.3.jar;C:\Users\warre\.m2\repository\org\mongodb\bson\3.6.3\bson-3.6.3.jar;C:\Users\warre\.m2\repository\org\mongodb\mongodb-driver-core\3.6.3\mongodb-driver-core-3.6.3.jar;C:\Users\warre\.m2\repository\org\mongodb\mongodb-driver-async\3.6.3\mongodb-driver-async-3.6.3.jar;C:\Users\warre\.m2\repository\org\mongodb\mongodb-driver-reactivestreams\1.7.1\mongodb-driver-reactivestreams-1.7.1.jar;C:\Users\warre\.m2\repository\org\reactivestreams\reactive-streams\1.0.2\reactive-streams-1.0.2.jar;C:\Users\warre\.m2\repository\io\projectreactor\reactor-core\3.1.7.RELEASE\reactor-core-3.1.7.RELEASE.jar;C:\Users\warre\.m2\repository\org\bytedeco\javacpp-presets\tesseract-platform\3.04.01-1.3\tesseract-platform-3.04.01-1.3.jar;C:\Users\warre\.m2\repository\org\bytedeco\javacpp-presets\leptonica-platform\1.73-1.3\leptonica-platform-1.73-1.3.jar;C:\Users\warre\.m2\repository\org\bytedeco\javacpp-presets\leptonica\1.73-1.3\leptonica-1.73-1.3.jar;C:\Users\warre\.m2\repository\org\bytedeco\javacpp-presets\leptonica\1.73-1.3\leptonica-1.73-1.3-android-arm.jar;C:\Users\warre\.m2\repository\org\bytedeco\javacpp-presets\leptonica\1.73-1.3\leptonica-1.73-1.3-android-x86.jar;C:\Users\warre\.m2\repository\org\bytedeco\javacpp-presets\leptonica\1.73-1.3\leptonica-1.73-1.3-linux-x86.jar;C:\Users\warre\.m2\repository\org\bytedeco\javacpp-presets\leptonica\1.73-1.3\leptonica-1.73-1.3-linux-x86_64.jar;C:\Users\warre\.m2\repository\org\bytedeco\javacpp-presets\leptonica\1.73-1.3\leptonica-1.73-1.3-linux-armhf.jar;C:\Users\warre\.m2\repository\org\bytedeco\javacpp-presets\leptonica\1.73-1.3\leptonica-1.73-1.3-linux-ppc64le.jar;C:\Users\warre\.m2\repository\org\bytedeco\javacpp-presets\leptonica\1.73-1.3\leptonica-1.73-1.3-macosx-x86_64.jar;C:\Users\warre\.m2\repository\org\bytedeco\javacpp-presets\leptonica\1.73-1.3\leptonica-1.73-1.3-windows-x86.jar;C:\Users\warre\.m2\repository\org\bytedeco\javacpp-presets\leptonica\1.73-1.3\leptonica-1.73-1.3-windows-x86_64.jar;C:\Users\warre\.m2\repository\org\bytedeco\javacpp-presets\tesseract\3.04.01-1.3\tesseract-3.04.01-1.3.jar;C:\Users\warre\.m2\repository\org\bytedeco\javacpp\1.3\javacpp-1.3.jar;C:\Users\warre\.m2\repository\org\bytedeco\javacpp-presets\tesseract\3.04.01-1.3\tesseract-3.04.01-1.3-android-arm.jar;C:\Users\warre\.m2\repository\org\bytedeco\javacpp-presets\tesseract\3.04.01-1.3\tesseract-3.04.01-1.3-android-x86.jar;C:\Users\warre\.m2\repository\org\bytedeco\javacpp-presets\tesseract\3.04.01-1.3\tesseract-3.04.01-1.3-linux-x86.jar;C:\Users\warre\.m2\repository\org\bytedeco\javacpp-presets\tesseract\3.04.01-1.3\tesseract-3.04.01-1.3-linux-x86_64.jar;C:\Users\warre\.m2\repository\org\bytedeco\javacpp-presets\tesseract\3.04.01-1.3\tesseract-3.04.01-1.3-linux-armhf.jar;C:\Users\warre\.m2\repository\org\bytedeco\javacpp-presets\tesseract\3.04.01-1.3\tesseract-3.04.01-1.3-linux-ppc64le.jar;C:\Users\warre\.m2\repository\org\bytedeco\javacpp-presets\tesseract\3.04.01-1.3\tesseract-3.04.01-1.3-macosx-x86_64.jar;C:\Users\warre\.m2\repository\org\bytedeco\javacpp-presets\tesseract\3.04.01-1.3\tesseract-3.04.01-1.3-windows-x86.jar;C:\Users\warre\.m2\repository\org\bytedeco\javacpp-presets\tesseract\3.04.01-1.3\tesseract-3.04.01-1.3-windows-x86_64.jar;C:\Users\warre\.m2\repository\com\miglayout\miglayout-javafx\4.2\miglayout-javafx-4.2.jar;C:\Users\warre\.m2\repository\com\miglayout\miglayout-core\4.2\miglayout-core-4.2.jar;C:\Users\warre\.m2\repository\org\diirt\javafx\javafx\3.1.7\javafx-3.1.7.jar;C:\Users\warre\.m2\repository\io\projectreactor\reactor-test\3.1.7.RELEASE\reactor-test-3.1.7.RELEASE.jar;C:\Users\warre\.m2\repository\org\springframework\boot\spring-boot-starter-webflux\2.0.2.RELEASE\spring-boot-starter-webflux-2.0.2.RELEASE.jar;C:\Users\warre\.m2\repository\org\springframework\boot\spring-boot-starter-json\2.0.2.RELEASE\spring-boot-starter-json-2.0.2.RELEASE.jar;C:\Users\warre\.m2\repository\com\fasterxml\jackson\datatype\jackson-datatype-jdk8\2.9.5\jackson-datatype-jdk8-2.9.5.jar;C:\Users\warre\.m2\repository\com\fasterxml\jackson\datatype\jackson-datatype-jsr310\2.9.5\jackson-datatype-jsr310-2.9.5.jar;C:\Users\warre\.m2\repository\com\fasterxml\jackson\module\jackson-module-parameter-names\2.9.5\jackson-module-parameter-names-2.9.5.jar;C:\Users\warre\.m2\repository\org\springframework\boot\spring-boot-starter-reactor-netty\2.0.2.RELEASE\spring-boot-starter-reactor-netty-2.0.2.RELEASE.jar;C:\Users\warre\.m2\repository\io\projectreactor\ipc\reactor-netty\0.7.7.RELEASE\reactor-netty-0.7.7.RELEASE.jar;C:\Users\warre\.m2\repository\io\netty\netty-codec-http\4.1.24.Final\netty-codec-http-4.1.24.Final.jar;C:\Users\warre\.m2\repository\io\netty\netty-codec\4.1.24.Final\netty-codec-4.1.24.Final.jar;C:\Users\warre\.m2\repository\io\netty\netty-handler\4.1.24.Final\netty-handler-4.1.24.Final.jar;C:\Users\warre\.m2\repository\io\netty\netty-buffer\4.1.24.Final\netty-buffer-4.1.24.Final.jar;C:\Users\warre\.m2\repository\io\netty\netty-transport\4.1.24.Final\netty-transport-4.1.24.Final.jar;C:\Users\warre\.m2\repository\io\netty\netty-resolver\4.1.24.Final\netty-resolver-4.1.24.Final.jar;C:\Users\warre\.m2\repository\io\netty\netty-handler-proxy\4.1.24.Final\netty-handler-proxy-4.1.24.Final.jar;C:\Users\warre\.m2\repository\io\netty\netty-codec-socks\4.1.24.Final\netty-codec-socks-4.1.24.Final.jar;C:\Users\warre\.m2\repository\io\netty\netty-transport-native-epoll\4.1.24.Final\netty-transport-native-epoll-4.1.24.Final-linux-x86_64.jar;C:\Users\warre\.m2\repository\io\netty\netty-common\4.1.24.Final\netty-common-4.1.24.Final.jar;C:\Users\warre\.m2\repository\io\netty\netty-transport-native-unix-common\4.1.24.Final\netty-transport-native-unix-common-4.1.24.Final.jar;C:\Users\warre\.m2\repository\org\hibernate\validator\hibernate-validator\6.0.9.Final\hibernate-validator-6.0.9.Final.jar;C:\Users\warre\.m2\repository\javax\validation\validation-api\2.0.1.Final\validation-api-2.0.1.Final.jar;C:\Users\warre\.m2\repository\org\jboss\logging\jboss-logging\3.3.2.Final\jboss-logging-3.3.2.Final.jar;C:\Users\warre\.m2\repository\com\fasterxml\classmate\1.3.4\classmate-1.3.4.jar;C:\Users\warre\.m2\repository\org\springframework\spring-web\5.0.6.RELEASE\spring-web-5.0.6.RELEASE.jar;C:\Users\warre\.m2\repository\org\springframework\spring-webflux\5.0.6.RELEASE\spring-webflux-5.0.6.RELEASE.jar;C:\Users\warre\.m2\repository\org\synchronoss\cloud\nio-multipart-parser\1.1.0\nio-multipart-parser-1.1.0.jar;C:\Users\warre\.m2\repository\org\synchronoss\cloud\nio-stream-storage\1.1.3\nio-stream-storage-1.1.3.jar;C:\Users\warre\.m2\repository\com\auth0\java-jwt\3.3.0\java-jwt-3.3.0.jar;C:\Users\warre\.m2\repository\com\fasterxml\jackson\core\jackson-databind\2.9.5\jackson-databind-2.9.5.jar;C:\Users\warre\.m2\repository\com\fasterxml\jackson\core\jackson-annotations\2.9.0\jackson-annotations-2.9.0.jar;C:\Users\warre\.m2\repository\com\fasterxml\jackson\core\jackson-core\2.9.5\jackson-core-2.9.5.jar;C:\Users\warre\.m2\repository\commons-codec\commons-codec\1.11\commons-codec-1.11.jar;C:\Users\warre\.m2\repository\org\jsoup\jsoup\1.11.3\jsoup-1.11.3.jar;C:\Users\warre\.m2\repository\org\mindrot\jbcrypt\0.3m\jbcrypt-0.3m.jar;C:\Users\warre\.m2\repository\org\springframework\boot\spring-boot-devtools\2.0.2.RELEASE\spring-boot-devtools-2.0.2.RELEASE.jar;C:\Users\warre\.m2\repository\org\springframework\boot\spring-boot\2.0.2.RELEASE\spring-boot-2.0.2.RELEASE.jar;C:\Users\warre\.m2\repository\org\springframework\boot\spring-boot-autoconfigure\2.0.2.RELEASE\spring-boot-autoconfigure-2.0.2.RELEASE.jar;C:\Users\warre\.m2\repository\org\projectlombok\lombok\1.16.20\lombok-1.16.20.jar;C:\Users\warre\.m2\repository\org\springframework\boot\spring-boot-starter-test\2.0.2.RELEASE\spring-boot-starter-test-2.0.2.RELEASE.jar;C:\Users\warre\.m2\repository\org\springframework\boot\spring-boot-test\2.0.2.RELEASE\spring-boot-test-2.0.2.RELEASE.jar;C:\Users\warre\.m2\repository\org\springframework\boot\spring-boot-test-autoconfigure\2.0.2.RELEASE\spring-boot-test-autoconfigure-2.0.2.RELEASE.jar;C:\Users\warre\.m2\repository\com\jayway\jsonpath\json-path\2.4.0\json-path-2.4.0.jar;C:\Users\warre\.m2\repository\net\minidev\json-smart\2.3\json-smart-2.3.jar;C:\Users\warre\.m2\repository\net\minidev\accessors-smart\1.2\accessors-smart-1.2.jar;C:\Users\warre\.m2\repository\org\ow2\asm\asm\5.0.4\asm-5.0.4.jar;C:\Users\warre\.m2\repository\junit\junit\4.12\junit-4.12.jar;C:\Users\warre\.m2\repository\org\assertj\assertj-core\3.9.1\assertj-core-3.9.1.jar;C:\Users\warre\.m2\repository\org\mockito\mockito-core\2.15.0\mockito-core-2.15.0.jar;C:\Users\warre\.m2\repository\net\bytebuddy\byte-buddy\1.7.11\byte-buddy-1.7.11.jar;C:\Users\warre\.m2\repository\net\bytebuddy\byte-buddy-agent\1.7.11\byte-buddy-agent-1.7.11.jar;C:\Users\warre\.m2\repository\org\objenesis\objenesis\2.6\objenesis-2.6.jar;C:\Users\warre\.m2\repository\org\hamcrest\hamcrest-core\1.3\hamcrest-core-1.3.jar;C:\Users\warre\.m2\repository\org\hamcrest\hamcrest-library\1.3\hamcrest-library-1.3.jar;C:\Users\warre\.m2\repository\org\skyscreamer\jsonassert\1.5.0\jsonassert-1.5.0.jar;C:\Users\warre\.m2\repository\com\vaadin\external\google\android-json\0.0.20131108.vaadin1\android-json-0.0.20131108.vaadin1.jar;C:\Users\warre\.m2\repository\org\springframework\spring-core\5.0.6.RELEASE\spring-core-5.0.6.RELEASE.jar;C:\Users\warre\.m2\repository\org\springframework\spring-jcl\5.0.6.RELEASE\spring-jcl-5.0.6.RELEASE.jar;C:\Users\warre\.m2\repository\org\springframework\spring-test\5.0.6.RELEASE\spring-test-5.0.6.RELEASE.jar;C:\Users\warre\.m2\repository\org\xmlunit\xmlunit-core\2.5.1\xmlunit-core-2.5.1.jar;"/>
    <property name="sun.cpu.endian" value="little"/>
    <property name="user.home" value="C:\Users\warre"/>
    <property name="user.language" value="es"/>
    <property name="java.specification.vendor" value="Oracle Corporation"/>
    <property name="java.home" value="C:\Program Files\Java\jdk1.8.0_161\jre"/>
    <property name="basedir" value="C:\Users\warre\Downloads\Compressed\taller_spring_webFlux\grifo"/>
    <property name="file.separator" value="\"/>
    <property name="line.separator" value="&#10;"/>
    <property name="java.vm.specification.vendor" value="Oracle Corporation"/>
    <property name="java.specification.name" value="Java Platform API Specification"/>
    <property name="java.awt.graphicsenv" value="sun.awt.Win32GraphicsEnvironment"/>
    <property name="surefire.real.class.path" value="C:\Users\warre\AppData\Local\Temp\surefire7812426524786788128\surefirebooter704529467734268797.jar"/>
    <property name="sun.boot.class.path" value="C:\Program Files\Java\jdk1.8.0_161\jre\lib\resources.jar;C:\Program Files\Java\jdk1.8.0_161\jre\lib\rt.jar;C:\Program Files\Java\jdk1.8.0_161\jre\lib\sunrsasign.jar;C:\Program Files\Java\jdk1.8.0_161\jre\lib\jsse.jar;C:\Program Files\Java\jdk1.8.0_161\jre\lib\jce.jar;C:\Program Files\Java\jdk1.8.0_161\jre\lib\charsets.jar;C:\Program Files\Java\jdk1.8.0_161\jre\lib\jfr.jar;C:\Program Files\Java\jdk1.8.0_161\jre\classes"/>
    <property name="user.script" value=""/>
    <property name="sun.management.compiler" value="HotSpot 64-Bit Tiered Compilers"/>
    <property name="java.runtime.version" value="1.8.0_161-b12"/>
    <property name="user.name" value="Warren"/>
    <property name="path.separator" value=";"/>
    <property name="os.version" value="10.0"/>
    <property name="java.endorsed.dirs" value="C:\Program Files\Java\jdk1.8.0_161\jre\lib\endorsed"/>
    <property name="java.runtime.name" value="Java(TM) SE Runtime Environment"/>
    <property name="file.encoding" value="Cp1252"/>
    <property name="java.vm.name" value="Java HotSpot(TM) 64-Bit Server VM"/>
    <property name="localRepository" value="C:\Users\warre\.m2\repository"/>
    <property name="java.vendor.url.bug" value="http://bugreport.sun.com/bugreport/"/>
    <property name="java.io.tmpdir" value="C:\Users\warre\AppData\Local\Temp\"/>
    <property name="java.version" value="1.8.0_161"/>
    <property name="user.dir" value="C:\Users\warre\Downloads\Compressed\taller_spring_webFlux\grifo"/>
    <property name="os.arch" value="amd64"/>
    <property name="java.vm.specification.name" value="Java Virtual Machine Specification"/>
    <property name="java.awt.printerjob" value="sun.awt.windows.WPrinterJob"/>
    <property name="sun.os.patch.level" value=""/>
    <property name="java.library.path" value="C:\Program Files\Java\jdk1.8.0_161\jre\bin;C:\WINDOWS\Sun\Java\bin;C:\WINDOWS\system32;C:\WINDOWS;C:\Program Files (x86)\Google\Chrome\Application;C:\Program Files\Docker\Docker\Resources\bin;C:\Program Files (x86)\Common Files\Oracle\Java\javapath;C:\ProgramData\Oracle\Java\javapath;C:\Windows\system32;C:\Windows;C:\Windows\System32\Wbem;C:\Windows\System32\WindowsPowerShell\v1.0\;C:\Program Files (x86)\NVIDIA Corporation\PhysX\Common;C:\Program Files\Intel\WiFi\bin\;C:\Program Files\Common Files\Intel\WirelessCommon\;C:\Program Files\nodejs\;C:\Program Files\Git\cmd;C:\WINDOWS\system32;C:\WINDOWS;C:\WINDOWS\System32\Wbem;C:\WINDOWS\System32\WindowsPowerShell\v1.0\;C:\Program Files\MongoDB\Server\3.7\bin;D:\configs\apache-maven-3.5.3\bin;D:\configs\solr-7.3.0\solr-7.3.0\bin;D:\configs\apache-ant-1.10.3-bin\apache-ant-1.10.3\bin;C:\WINDOWS\System32\OpenSSH\;C:\Program Files (x86)\Microchip\MPLAB C32 Suite\bin;C:\Program Files\PuTTY\;D:\installes\matlab\runtime\win64;D:\installes\matlab\bin;D:\installes\matlab\polyspace\bin;C:\Users\warre\AppData\Local\Microsoft\WindowsApps;C:\Program Files\Intel\WiFi\bin\;C:\Program Files\Common Files\Intel\WirelessCommon\;C:\Users\warre\AppData\Roaming\npm;C:\Users\warre\AppData\Local\Programs\MiKTeX 2.9\miktex\bin\x64\;;."/>
    <property name="java.vm.info" value="mixed mode"/>
    <property name="java.vendor" value="Oracle Corporation"/>
    <property name="java.vm.version" value="25.161-b12"/>
    <property name="java.ext.dirs" value="C:\Program Files\Java\jdk1.8.0_161\jre\lib\ext;C:\WINDOWS\Sun\Java\lib\ext"/>
    <property name="sun.io.unicode.encoding" value="UnicodeLittle"/>
    <property name="java.class.version" value="52.0"/>
  </properties>
  <testcase name="contextLoads" classname="innovar.io.grifo.GrifoApplicationTests" time="0.137"/>
</testsuite>